"C:/Users/yuyim/source/projects/InfiniteMatrixStarter/Content/InfiniteMatrix/UI/T_Restart.uasset" 0
"C:/Users/yuyim/source/projects/InfiniteMatrixStarter/Content/InfiniteMatrix/UI/T_Restart.uexp" 1
"C:/Users/yuyim/source/projects/InfiniteMatrixStarter/Content/InfiniteMatrix/UI/T_Restart.ubulk" 2
"C:/Users/yuyim/source/projects/InfiniteMatrixStarter/Content/InfiniteMatrix/Textures/T_Noise.uasset" 3
"C:/Users/yuyim/source/projects/InfiniteMatrixStarter/Content/InfiniteMatrix/Textures/T_Noise.uexp" 4
"C:/Users/yuyim/source/projects/InfiniteMatrixStarter/Content/InfiniteMatrix/Textures/T_Noise.ubulk" 5
"C:/Users/yuyim/source/projects/InfiniteMatrixStarter/Content/InfiniteMatrix/Textures/T_Binary.uasset" 6
"C:/Users/yuyim/source/projects/InfiniteMatrixStarter/Content/InfiniteMatrix/Textures/T_Binary.uexp" 7
"C:/Users/yuyim/source/projects/InfiniteMatrixStarter/Content/InfiniteMatrix/Textures/T_Binary.ubulk" 8
"C:/Users/yuyim/source/projects/InfiniteMatrixStarter/Content/InfiniteMatrix/Materials/M_TunnelBase.uasset" 9
"C:/Users/yuyim/source/projects/InfiniteMatrixStarter/Content/InfiniteMatrix/Materials/M_TunnelBase.uexp" 10
"C:/Users/yuyim/source/projects/InfiniteMatrixStarter/Content/InfiniteMatrix/Materials/MI_Tunnel.uasset" 11
"C:/Users/yuyim/source/projects/InfiniteMatrixStarter/Content/InfiniteMatrix/Materials/MI_Tunnel.uexp" 12
"C:/Users/yuyim/source/projects/InfiniteMatrixStarter/Content/InfiniteMatrix/Meshes/SM_Tunnel.uasset" 13
"C:/Users/yuyim/source/projects/InfiniteMatrixStarter/Content/InfiniteMatrix/Meshes/SM_Tunnel.uexp" 14
"../../../Engine/Content/Functions/Engine_MaterialFunctions01/Opacity/CameraDepthFade.uasset" 15
"../../../Engine/Content/Functions/Engine_MaterialFunctions01/Opacity/CameraDepthFade.uexp" 16
"C:/Users/yuyim/source/projects/InfiniteMatrixStarter/Content/InfiniteMatrix/Materials/M_HoleBase.uasset" 17
"C:/Users/yuyim/source/projects/InfiniteMatrixStarter/Content/InfiniteMatrix/Materials/M_HoleBase.uexp" 18
"C:/Users/yuyim/source/projects/InfiniteMatrixStarter/Content/InfiniteMatrix/Materials/MI_Hole.uasset" 19
"C:/Users/yuyim/source/projects/InfiniteMatrixStarter/Content/InfiniteMatrix/Materials/MI_Hole.uexp" 20
"C:/Users/yuyim/source/projects/InfiniteMatrixStarter/Content/InfiniteMatrix/Meshes/SM_Hole_04.uasset" 21
"C:/Users/yuyim/source/projects/InfiniteMatrixStarter/Content/InfiniteMatrix/Meshes/SM_Hole_04.uexp" 22
"C:/Users/yuyim/source/projects/InfiniteMatrixStarter/Content/InfiniteMatrix/Meshes/SM_Hole_03.uasset" 23
"C:/Users/yuyim/source/projects/InfiniteMatrixStarter/Content/InfiniteMatrix/Meshes/SM_Hole_03.uexp" 24
"C:/Users/yuyim/source/projects/InfiniteMatrixStarter/Content/InfiniteMatrix/Meshes/SM_Hole_02.uasset" 25
"C:/Users/yuyim/source/projects/InfiniteMatrixStarter/Content/InfiniteMatrix/Meshes/SM_Hole_02.uexp" 26
"C:/Users/yuyim/source/projects/InfiniteMatrixStarter/Content/InfiniteMatrix/Meshes/SM_Hole_01.uasset" 27
"C:/Users/yuyim/source/projects/InfiniteMatrixStarter/Content/InfiniteMatrix/Meshes/SM_Hole_01.uexp" 28
"C:/Users/yuyim/source/projects/InfiniteMatrixStarter/Content/InfiniteMatrix/Textures/T_Empty.uasset" 29
"C:/Users/yuyim/source/projects/InfiniteMatrixStarter/Content/InfiniteMatrix/Textures/T_Empty.uexp" 30
"C:/Users/yuyim/source/projects/InfiniteMatrixStarter/Content/InfiniteMatrix/Textures/T_Empty.ubulk" 31
"C:/Users/yuyim/source/projects/InfiniteMatrixStarter/Content/InfiniteMatrix/Textures/T_Bomb.uasset" 32
"C:/Users/yuyim/source/projects/InfiniteMatrixStarter/Content/InfiniteMatrix/Textures/T_Bomb.uexp" 33
"C:/Users/yuyim/source/projects/InfiniteMatrixStarter/Content/InfiniteMatrix/UI/HUD_PlayerInfo.uasset" 34
"C:/Users/yuyim/source/projects/InfiniteMatrixStarter/Content/InfiniteMatrix/UI/HUD_PlayerInfo.uexp" 35
"C:/Users/yuyim/source/projects/InfiniteMatrixStarter/Content/InfiniteMatrix/Materials/M_Bullet.uasset" 36
"C:/Users/yuyim/source/projects/InfiniteMatrixStarter/Content/InfiniteMatrix/Materials/M_Bullet.uexp" 37
"C:/Users/yuyim/source/projects/InfiniteMatrixStarter/Content/InfiniteMatrix/Meshes/SM_Bullet.uasset" 38
"C:/Users/yuyim/source/projects/InfiniteMatrixStarter/Content/InfiniteMatrix/Meshes/SM_Bullet.uexp" 39
"../../../Engine/Content/EditorBlueprintResources/StandardMacros.uasset" 40
"../../../Engine/Content/EditorBlueprintResources/StandardMacros.uexp" 41
"C:/Users/yuyim/source/projects/InfiniteMatrixStarter/Content/InfiniteMatrix/Materials/M_Enemy_Disk.uasset" 42
"C:/Users/yuyim/source/projects/InfiniteMatrixStarter/Content/InfiniteMatrix/Materials/M_Enemy_Disk.uexp" 43
"C:/Users/yuyim/source/projects/InfiniteMatrixStarter/Content/InfiniteMatrix/Materials/M_Enemy_Ball.uasset" 44
"C:/Users/yuyim/source/projects/InfiniteMatrixStarter/Content/InfiniteMatrix/Materials/M_Enemy_Ball.uexp" 45
"C:/Users/yuyim/source/projects/InfiniteMatrixStarter/Content/InfiniteMatrix/Meshes/SM_Enemy.uasset" 46
"C:/Users/yuyim/source/projects/InfiniteMatrixStarter/Content/InfiniteMatrix/Meshes/SM_Enemy.uexp" 47
"C:/Users/yuyim/source/projects/InfiniteMatrixStarter/Content/InfiniteMatrix/Blueprints/BP_Enemy.uasset" 48
"C:/Users/yuyim/source/projects/InfiniteMatrixStarter/Content/InfiniteMatrix/Blueprints/BP_Enemy.uexp" 49
"C:/Users/yuyim/source/projects/InfiniteMatrixStarter/Content/InfiniteMatrix/Blueprints/BP_EnemySpawner.uasset" 50
"C:/Users/yuyim/source/projects/InfiniteMatrixStarter/Content/InfiniteMatrix/Blueprints/BP_EnemySpawner.uexp" 51
"C:/Users/yuyim/source/projects/InfiniteMatrixStarter/Content/InfiniteMatrix/Blueprints/BP_Projectile.uasset" 52
"C:/Users/yuyim/source/projects/InfiniteMatrixStarter/Content/InfiniteMatrix/Blueprints/BP_Projectile.uexp" 53
"C:/Users/yuyim/source/projects/InfiniteMatrixStarter/Content/InfiniteMatrix/Blueprints/BP_Player.uasset" 54
"C:/Users/yuyim/source/projects/InfiniteMatrixStarter/Content/InfiniteMatrix/Blueprints/BP_Player.uexp" 55
"C:/Users/yuyim/source/projects/InfiniteMatrixStarter/Content/InfiniteMatrix/Blueprints/BP_Tunnel.uasset" 56
"C:/Users/yuyim/source/projects/InfiniteMatrixStarter/Content/InfiniteMatrix/Blueprints/BP_Tunnel.uexp" 57
"C:/Users/yuyim/source/projects/InfiniteMatrixStarter/Content/InfiniteMatrix/Blueprints/BP_TunnelSpawner.uasset" 58
"C:/Users/yuyim/source/projects/InfiniteMatrixStarter/Content/InfiniteMatrix/Blueprints/BP_TunnelSpawner.uexp" 59
"C:/Users/yuyim/source/projects/InfiniteMatrixStarter/Content/InfiniteMatrix/UI/WBP_Restart.uasset" 60
"C:/Users/yuyim/source/projects/InfiniteMatrixStarter/Content/InfiniteMatrix/UI/WBP_Restart.uexp" 61
"C:/Users/yuyim/source/projects/InfiniteMatrixStarter/Content/InfiniteMatrix/Materials/MI_Heart.uasset" 62
"C:/Users/yuyim/source/projects/InfiniteMatrixStarter/Content/InfiniteMatrix/Materials/MI_Heart.uexp" 63
"C:/Users/yuyim/source/projects/InfiniteMatrixStarter/Content/InfiniteMatrix/Meshes/SM_Item_Heart.uasset" 64
"C:/Users/yuyim/source/projects/InfiniteMatrixStarter/Content/InfiniteMatrix/Meshes/SM_Item_Heart.uexp" 65
"C:/Users/yuyim/source/projects/InfiniteMatrixStarter/Content/InfiniteMatrix/Materials/M_Projectile.uasset" 66
"C:/Users/yuyim/source/projects/InfiniteMatrixStarter/Content/InfiniteMatrix/Materials/M_Projectile.uexp" 67
"C:/Users/yuyim/source/projects/InfiniteMatrixStarter/Content/InfiniteMatrix/Meshes/SM_Item_Projectile.uasset" 68
"C:/Users/yuyim/source/projects/InfiniteMatrixStarter/Content/InfiniteMatrix/Meshes/SM_Item_Projectile.uexp" 69
"C:/Users/yuyim/source/projects/InfiniteMatrixStarter/Content/InfiniteMatrix/Textures/T_Coin.uasset" 70
"C:/Users/yuyim/source/projects/InfiniteMatrixStarter/Content/InfiniteMatrix/Textures/T_Coin.uexp" 71
"C:/Users/yuyim/source/projects/InfiniteMatrixStarter/Content/InfiniteMatrix/Textures/T_Coin.ubulk" 72
"C:/Users/yuyim/source/projects/InfiniteMatrixStarter/Content/InfiniteMatrix/Materials/M_Coin.uasset" 73
"C:/Users/yuyim/source/projects/InfiniteMatrixStarter/Content/InfiniteMatrix/Materials/M_Coin.uexp" 74
"C:/Users/yuyim/source/projects/InfiniteMatrixStarter/Content/InfiniteMatrix/Meshes/SM_Item_Coin.uasset" 75
"C:/Users/yuyim/source/projects/InfiniteMatrixStarter/Content/InfiniteMatrix/Meshes/SM_Item_Coin.uexp" 76
"C:/Users/yuyim/source/projects/InfiniteMatrixStarter/Content/InfiniteMatrix/Textures/T_Rough.uasset" 77
"C:/Users/yuyim/source/projects/InfiniteMatrixStarter/Content/InfiniteMatrix/Textures/T_Rough.uexp" 78
"C:/Users/yuyim/source/projects/InfiniteMatrixStarter/Content/InfiniteMatrix/Textures/T_Rough.ubulk" 79
"C:/Users/yuyim/source/projects/InfiniteMatrixStarter/Content/InfiniteMatrix/Textures/T_Normal.uasset" 80
"C:/Users/yuyim/source/projects/InfiniteMatrixStarter/Content/InfiniteMatrix/Textures/T_Normal.uexp" 81
"C:/Users/yuyim/source/projects/InfiniteMatrixStarter/Content/InfiniteMatrix/Textures/T_Normal.ubulk" 82
"C:/Users/yuyim/source/projects/InfiniteMatrixStarter/Content/InfiniteMatrix/Textures/T_Metal.uasset" 83
"C:/Users/yuyim/source/projects/InfiniteMatrixStarter/Content/InfiniteMatrix/Textures/T_Metal.uexp" 84
"C:/Users/yuyim/source/projects/InfiniteMatrixStarter/Content/InfiniteMatrix/Textures/T_Metal.ubulk" 85
"C:/Users/yuyim/source/projects/InfiniteMatrixStarter/Content/InfiniteMatrix/Textures/T_Albedo.uasset" 86
"C:/Users/yuyim/source/projects/InfiniteMatrixStarter/Content/InfiniteMatrix/Textures/T_Albedo.uexp" 87
"C:/Users/yuyim/source/projects/InfiniteMatrixStarter/Content/InfiniteMatrix/Textures/T_Albedo.ubulk" 88
"C:/Users/yuyim/source/projects/InfiniteMatrixStarter/Content/InfiniteMatrix/Materials/M_Metal.uasset" 89
"C:/Users/yuyim/source/projects/InfiniteMatrixStarter/Content/InfiniteMatrix/Materials/M_Metal.uexp" 90
"C:/Users/yuyim/source/projects/InfiniteMatrixStarter/Content/InfiniteMatrix/Materials/M_Fuze.uasset" 91
"C:/Users/yuyim/source/projects/InfiniteMatrixStarter/Content/InfiniteMatrix/Materials/M_Fuze.uexp" 92
"C:/Users/yuyim/source/projects/InfiniteMatrixStarter/Content/InfiniteMatrix/Meshes/SM_Item_Bomb.uasset" 93
"C:/Users/yuyim/source/projects/InfiniteMatrixStarter/Content/InfiniteMatrix/Meshes/SM_Item_Bomb.uexp" 94
"C:/Users/yuyim/source/projects/InfiniteMatrixStarter/Content/InfiniteMatrix/Blueprints/BP_ItemSpawner.uasset" 95
"C:/Users/yuyim/source/projects/InfiniteMatrixStarter/Content/InfiniteMatrix/Blueprints/BP_ItemSpawner.uexp" 96
"C:/Users/yuyim/source/projects/InfiniteMatrixStarter/Content/InfiniteMatrix/Blueprints/BP_Item.uasset" 97
"C:/Users/yuyim/source/projects/InfiniteMatrixStarter/Content/InfiniteMatrix/Blueprints/BP_Item.uexp" 98
"C:/Users/yuyim/source/projects/InfiniteMatrixStarter/Content/InfiniteMatrix/Blueprints/GM_MyGame.uasset" 99
"C:/Users/yuyim/source/projects/InfiniteMatrixStarter/Content/InfiniteMatrix/Blueprints/GM_MyGame.uexp" 100
"../../../Engine/Content/EngineMaterials/T_Default_Material_Grid_N.uasset" 101
"../../../Engine/Content/EngineMaterials/T_Default_Material_Grid_N.uexp" 102
"../../../Engine/Content/EngineMaterials/T_Default_Material_Grid_N.ubulk" 103
"../../../Engine/Content/EngineMaterials/T_Default_Material_Grid_M.uasset" 104
"../../../Engine/Content/EngineMaterials/T_Default_Material_Grid_M.uexp" 105
"../../../Engine/Content/EngineMaterials/T_Default_Material_Grid_M.ubulk" 106
"../../../Engine/Content/EngineMaterials/WorldGridMaterial.uasset" 107
"../../../Engine/Content/EngineMaterials/WorldGridMaterial.uexp" 108
"../../../Engine/Content/ArtTools/RenderToTexture/Meshes/S_1_Unit_Plane.uasset" 109
"../../../Engine/Content/ArtTools/RenderToTexture/Meshes/S_1_Unit_Plane.uexp" 110
"../../../Engine/Content/EngineMaterials/DefaultMaterial.uasset" 111
"../../../Engine/Content/EngineMaterials/DefaultMaterial.uexp" 112
"../../../Engine/Content/BasicShapes/Cone.uasset" 113
"../../../Engine/Content/BasicShapes/Cone.uexp" 114
"../../../Engine/Content/BasicShapes/Cube.uasset" 115
"../../../Engine/Content/BasicShapes/Cube.uexp" 116
"../../../Engine/Content/BasicShapes/Plane.uasset" 117
"../../../Engine/Content/BasicShapes/Plane.uexp" 118
"../../../Engine/Content/BasicShapes/Sphere.uasset" 119
"../../../Engine/Content/BasicShapes/Sphere.uexp" 120
"../../../Engine/Content/EditorLandscapeResources/DataLayer.uasset" 121
"../../../Engine/Content/EditorLandscapeResources/DataLayer.uexp" 122
"../../../Engine/Content/EditorLandscapeResources/DefaultAlphaTexture.uasset" 123
"../../../Engine/Content/EditorLandscapeResources/DefaultAlphaTexture.uexp" 124
"../../../Engine/Content/EditorMaterials/MAT_Groups_Toggle.uasset" 125
"../../../Engine/Content/EditorMaterials/MAT_Groups_Toggle.uexp" 126
"../../../Engine/Content/EditorMaterials/MAT_Groups_Visibility.uasset" 127
"../../../Engine/Content/EditorMaterials/MAT_Groups_Visibility.uexp" 128
"../../../Engine/Content/EditorMaterials/PreviewShadowIndicator.uasset" 129
"../../../Engine/Content/EditorMaterials/PreviewShadowIndicator.uexp" 130
"../../../Engine/Content/EditorMaterials/PreviewShadowIndicator.ubulk" 131
"../../../Engine/Content/EditorMaterials/PreviewShadowIndicatorMaterial.uasset" 132
"../../../Engine/Content/EditorMaterials/PreviewShadowIndicatorMaterial.uexp" 133
"../../../Engine/Content/EditorMaterials/MatineeGroups/MAT_ColorTrack.uasset" 134
"../../../Engine/Content/EditorMaterials/MatineeGroups/MAT_ColorTrack.uexp" 135
"../../../Engine/Content/EditorMaterials/MatineeGroups/MAT_Groups_Anim.uasset" 136
"../../../Engine/Content/EditorMaterials/MatineeGroups/MAT_Groups_Anim.uexp" 137
"../../../Engine/Content/EditorMaterials/MatineeGroups/MAT_Groups_AudioMaster.uasset" 138
"../../../Engine/Content/EditorMaterials/MatineeGroups/MAT_Groups_AudioMaster.uexp" 139
"../../../Engine/Content/EditorMaterials/MatineeGroups/MAT_Groups_Director.uasset" 140
"../../../Engine/Content/EditorMaterials/MatineeGroups/MAT_Groups_Director.uexp" 141
"../../../Engine/Content/EditorMaterials/MatineeGroups/MAT_Groups_Event.uasset" 142
"../../../Engine/Content/EditorMaterials/MatineeGroups/MAT_Groups_Event.uexp" 143
"../../../Engine/Content/EditorMaterials/MatineeGroups/MAT_Groups_Fade.uasset" 144
"../../../Engine/Content/EditorMaterials/MatineeGroups/MAT_Groups_Fade.uexp" 145
"../../../Engine/Content/EditorMaterials/MatineeGroups/MAT_Groups_Float.uasset" 146
"../../../Engine/Content/EditorMaterials/MatineeGroups/MAT_Groups_Float.uexp" 147
"../../../Engine/Content/EditorMaterials/MatineeGroups/MAT_Groups_Move.uasset" 148
"../../../Engine/Content/EditorMaterials/MatineeGroups/MAT_Groups_Move.uexp" 149
"../../../Engine/Content/EditorMaterials/MatineeGroups/MAT_Groups_Slomo.uasset" 150
"../../../Engine/Content/EditorMaterials/MatineeGroups/MAT_Groups_Slomo.uexp" 151
"../../../Engine/Content/EditorMaterials/MatineeGroups/MAT_Groups_Sound.uasset" 152
"../../../Engine/Content/EditorMaterials/MatineeGroups/MAT_Groups_Sound.uexp" 153
"../../../Engine/Content/EditorMaterials/MatineeGroups/MAT_Groups_Vector.uasset" 154
"../../../Engine/Content/EditorMaterials/MatineeGroups/MAT_Groups_Vector.uexp" 155
"../../../Engine/Content/EditorMaterials/ParticleSystems/PSysThumbnail_NoImage.uasset" 156
"../../../Engine/Content/EditorMaterials/ParticleSystems/PSysThumbnail_NoImage.uexp" 157
"../../../Engine/Content/EditorMaterials/ParticleSystems/PSysThumbnail_NoImage.ubulk" 158
"../../../Engine/Content/EditorMaterials/ParticleSystems/PSysThumbnail_OOD.uasset" 159
"../../../Engine/Content/EditorMaterials/ParticleSystems/PSysThumbnail_OOD.uexp" 160
"../../../Engine/Content/EditorMaterials/ParticleSystems/PSysThumbnail_OOD.ubulk" 161
"../../../Engine/Content/EditorMaterials/Camera/CineMat.uasset" 162
"../../../Engine/Content/EditorMaterials/Camera/CineMat.uexp" 163
"../../../Engine/Content/EditorMaterials/Camera/MI_CineMat_Rig.uasset" 164
"../../../Engine/Content/EditorMaterials/Camera/MI_CineMat_Rig.uexp" 165
"../../../Engine/Content/EditorMeshes/Camera/SM_CraneRig_Arm.uasset" 166
"../../../Engine/Content/EditorMeshes/Camera/SM_CraneRig_Arm.uexp" 167
"../../../Engine/Content/EditorMeshes/Camera/SM_CraneRig_Base.uasset" 168
"../../../Engine/Content/EditorMeshes/Camera/SM_CraneRig_Base.uexp" 169
"../../../Engine/Content/EditorMeshes/Camera/SM_CraneRig_Body.uasset" 170
"../../../Engine/Content/EditorMeshes/Camera/SM_CraneRig_Body.uexp" 171
"../../../Engine/Content/EditorMeshes/Camera/SM_CraneRig_Mount.uasset" 172
"../../../Engine/Content/EditorMeshes/Camera/SM_CraneRig_Mount.uexp" 173
"../../../Engine/Content/EditorMeshes/Camera/SM_RailRig_Mount.uasset" 174
"../../../Engine/Content/EditorMeshes/Camera/SM_RailRig_Mount.uexp" 175
"../../../Engine/Content/EditorMeshes/Camera/SM_RailRig_Track.uasset" 176
"../../../Engine/Content/EditorMeshes/Camera/SM_RailRig_Track.uexp" 177
"../../../Engine/Content/EditorResources/BSPVertex.uasset" 178
"../../../Engine/Content/EditorResources/BSPVertex.uexp" 179
"../../../Engine/Content/EditorResources/EmptyActor.uasset" 180
"../../../Engine/Content/EditorResources/EmptyActor.uexp" 181
"../../../Engine/Content/EditorResources/S_Actor.uasset" 182
"../../../Engine/Content/EditorResources/S_Actor.uexp" 183
"../../../Engine/Content/EditorResources/S_Actor.ubulk" 184
"../../../Engine/Content/EditorResources/S_Note.uasset" 185
"../../../Engine/Content/EditorResources/S_Note.uexp" 186
"../../../Engine/Content/EditorResources/S_Note.ubulk" 187
"../../../Engine/Content/EditorResources/S_Solver.uasset" 188
"../../../Engine/Content/EditorResources/S_Solver.uexp" 189
"../../../Engine/Content/EditorResources/S_Solver.ubulk" 190
"../../../Engine/Content/EditorResources/S_Terrain.uasset" 191
"../../../Engine/Content/EditorResources/S_Terrain.uexp" 192
"../../../Engine/Content/EditorResources/S_Terrain.ubulk" 193
"../../../Engine/Content/EditorResources/S_Trigger.uasset" 194
"../../../Engine/Content/EditorResources/S_Trigger.uexp" 195
"../../../Engine/Content/EditorResources/S_Trigger.ubulk" 196
"../../../Engine/Content/EditorResources/SequenceRecorder/Countdown.uasset" 197
"../../../Engine/Content/EditorResources/SequenceRecorder/Countdown.uexp" 198
"../../../Engine/Content/EditorResources/SequenceRecorder/RecordingIndicator.uasset" 199
"../../../Engine/Content/EditorResources/SequenceRecorder/RecordingIndicator.uexp" 200
"../../../Engine/Content/EngineDamageTypes/DmgTypeBP_Environmental.uasset" 201
"../../../Engine/Content/EngineDamageTypes/DmgTypeBP_Environmental.uexp" 202
"../../../Engine/Content/EngineDebugMaterials/DebugEditorMaterial.uasset" 203
"../../../Engine/Content/EngineDebugMaterials/DebugEditorMaterial.uexp" 204
"../../../Engine/Content/EngineDebugMaterials/DebugMeshMaterial.uasset" 205
"../../../Engine/Content/EngineDebugMaterials/DebugMeshMaterial.uexp" 206
"../../../Engine/Content/EngineDebugMaterials/M_SimpleUnlitTranslucent.uasset" 207
"../../../Engine/Content/EngineDebugMaterials/M_SimpleUnlitTranslucent.uexp" 208
"../../../Engine/Content/Functions/Engine_MaterialFunctions02/Utility/CameraDirectionVector.uasset" 209
"../../../Engine/Content/Functions/Engine_MaterialFunctions02/Utility/CameraDirectionVector.uexp" 210
"../../../Engine/Content/EngineDebugMaterials/VolumeToRender.uasset" 211
"../../../Engine/Content/EngineDebugMaterials/VolumeToRender.uexp" 212
"../../../Engine/Content/EngineDebugMaterials/M_VolumeRenderSphereTracePP.uasset" 213
"../../../Engine/Content/EngineDebugMaterials/M_VolumeRenderSphereTracePP.uexp" 214
"../../../Engine/Content/Functions/Engine_MaterialFunctions01/Shading/ConvertFromDiffSpec.uasset" 215
"../../../Engine/Content/Functions/Engine_MaterialFunctions01/Shading/ConvertFromDiffSpec.uexp" 216
"../../../Engine/Content/EngineDebugMaterials/VertexColorMaterial.uasset" 217
"../../../Engine/Content/EngineDebugMaterials/VertexColorMaterial.uexp" 218
"../../../Engine/Content/EngineDebugMaterials/WireframeMaterial.uasset" 219
"../../../Engine/Content/EngineDebugMaterials/WireframeMaterial.uexp" 220
"../../../Engine/Content/EngineFonts/Faces/RobotoRegular.uasset" 221
"../../../Engine/Content/EngineFonts/Faces/RobotoRegular.uexp" 222
"../../../Engine/Content/EngineFonts/Faces/RobotoRegular.ufont" 223
"../../../Engine/Content/EngineFonts/Faces/RobotoLight.uasset" 224
"../../../Engine/Content/EngineFonts/Faces/RobotoLight.uexp" 225
"../../../Engine/Content/EngineFonts/Faces/RobotoLight.ufont" 226
"../../../Engine/Content/EngineFonts/Faces/RobotoItalic.uasset" 227
"../../../Engine/Content/EngineFonts/Faces/RobotoItalic.uexp" 228
"../../../Engine/Content/EngineFonts/Faces/RobotoItalic.ufont" 229
"../../../Engine/Content/EngineFonts/Faces/RobotoBoldItalic.uasset" 230
"../../../Engine/Content/EngineFonts/Faces/RobotoBoldItalic.uexp" 231
"../../../Engine/Content/EngineFonts/Faces/RobotoBoldItalic.ufont" 232
"../../../Engine/Content/EngineFonts/Faces/RobotoBold.uasset" 233
"../../../Engine/Content/EngineFonts/Faces/RobotoBold.uexp" 234
"../../../Engine/Content/EngineFonts/Faces/RobotoBold.ufont" 235
"../../../Engine/Content/EngineFonts/Faces/DroidSansFallback.uasset" 236
"../../../Engine/Content/EngineFonts/Faces/DroidSansFallback.uexp" 237
"../../../Engine/Content/EngineFonts/Faces/DroidSansFallback.ufont" 238
"../../../Engine/Content/EngineFonts/Roboto.uasset" 239
"../../../Engine/Content/EngineFonts/Roboto.uexp" 240
"../../../Engine/Content/EngineMaterials/BaseFlattenNormalMap.uasset" 241
"../../../Engine/Content/EngineMaterials/BaseFlattenNormalMap.uexp" 242
"../../../Engine/Content/EngineMaterials/BaseFlattenGrayscaleMap.uasset" 243
"../../../Engine/Content/EngineMaterials/BaseFlattenGrayscaleMap.uexp" 244
"../../../Engine/Content/EngineMaterials/BaseFlattenEmissiveMap.uasset" 245
"../../../Engine/Content/EngineMaterials/BaseFlattenEmissiveMap.uexp" 246
"../../../Engine/Content/EngineMaterials/BaseFlattenDiffuseMap.uasset" 247
"../../../Engine/Content/EngineMaterials/BaseFlattenDiffuseMap.uexp" 248
"../../../Engine/Content/EngineMaterials/BaseFlattenMaterial.uasset" 249
"../../../Engine/Content/EngineMaterials/BaseFlattenMaterial.uexp" 250
"../../../Engine/Content/EngineMaterials/BlueNoise.uasset" 251
"../../../Engine/Content/EngineMaterials/BlueNoise.uexp" 252
"../../../Engine/Content/EngineMaterials/DefaultBloomKernel.uasset" 253
"../../../Engine/Content/EngineMaterials/DefaultBloomKernel.uexp" 254
"../../../Engine/Content/EngineMaterials/DefaultBokeh.uasset" 255
"../../../Engine/Content/EngineMaterials/DefaultBokeh.uexp" 256
"../../../Engine/Content/EngineMaterials/DefaultDiffuse.uasset" 257
"../../../Engine/Content/EngineMaterials/DefaultDiffuse.uexp" 258
"../../../Engine/Content/EngineMaterials/DefaultDiffuse.ubulk" 259
"../../../Engine/Content/EngineMaterials/DefaultDeferredDecalMaterial.uasset" 260
"../../../Engine/Content/EngineMaterials/DefaultDeferredDecalMaterial.uexp" 261
"../../../Engine/Content/EngineMaterials/DefaultLightFunctionMaterial.uasset" 262
"../../../Engine/Content/EngineMaterials/DefaultLightFunctionMaterial.uexp" 263
"../../../Engine/Content/EngineMaterials/DefaultPhysicalMaterial.uasset" 264
"../../../Engine/Content/EngineMaterials/DefaultPhysicalMaterial.uexp" 265
"../../../Engine/Content/Functions/Engine_MaterialFunctions02/Utility/BreakOutFloat2Components.uasset" 266
"../../../Engine/Content/Functions/Engine_MaterialFunctions02/Utility/BreakOutFloat2Components.uexp" 267
"../../../Engine/Content/EngineMaterials/DefaultPostProcessMaterial.uasset" 268
"../../../Engine/Content/EngineMaterials/DefaultPostProcessMaterial.uexp" 269
"../../../Engine/Content/EngineFonts/RobotoDistanceField.uasset" 270
"../../../Engine/Content/EngineFonts/RobotoDistanceField.uexp" 271
"../../../Engine/Content/EngineMaterials/DefaultTextMaterialOpaque.uasset" 272
"../../../Engine/Content/EngineMaterials/DefaultTextMaterialOpaque.uexp" 273
"../../../Engine/Content/EngineMaterials/DefaultWhiteGrid.uasset" 274
"../../../Engine/Content/EngineMaterials/DefaultWhiteGrid.uexp" 275
"../../../Engine/Content/EngineMaterials/DefaultWhiteGrid.ubulk" 276
"../../../Engine/Content/EngineMaterials/DefaultWhiteGrid_Low.uasset" 277
"../../../Engine/Content/EngineMaterials/DefaultWhiteGrid_Low.uexp" 278
"../../../Engine/Content/EngineMaterials/EmissiveMeshMaterial.uasset" 279
"../../../Engine/Content/EngineMaterials/EmissiveMeshMaterial.uexp" 280
"../../../Engine/Content/EngineMaterials/GizmoMaterial.uasset" 281
"../../../Engine/Content/EngineMaterials/GizmoMaterial.uexp" 282
"../../../Engine/Content/EngineMaterials/Good64x64TilingNoiseHighFreq.uasset" 283
"../../../Engine/Content/EngineMaterials/Good64x64TilingNoiseHighFreq.uexp" 284
"../../../Engine/Content/EngineMaterials/MiniFont.uasset" 285
"../../../Engine/Content/EngineMaterials/MiniFont.uexp" 286
"../../../Engine/Content/EngineMaterials/InvalidLightmapSettings.uasset" 287
"../../../Engine/Content/EngineMaterials/InvalidLightmapSettings.uexp" 288
"../../../Engine/Content/EngineMaterials/InvalidLightmapSettings.ubulk" 289
"../../../Engine/Content/EngineMaterials/M_InvalidLightmapSettings.uasset" 290
"../../../Engine/Content/EngineMaterials/M_InvalidLightmapSettings.uexp" 291
"../../../Engine/Content/Functions/Engine_MaterialFunctions02/WorldPositionOffset/CameraOffset.uasset" 292
"../../../Engine/Content/Functions/Engine_MaterialFunctions02/WorldPositionOffset/CameraOffset.uexp" 293
"../../../Engine/Content/EngineMaterials/PhAT_JointLimitMaterial.uasset" 294
"../../../Engine/Content/EngineMaterials/PhAT_JointLimitMaterial.uexp" 295
"../../../Engine/Content/EngineMaterials/DefaultCalibrationColor.uasset" 296
"../../../Engine/Content/EngineMaterials/DefaultCalibrationColor.uexp" 297
"../../../Engine/Content/EngineMaterials/PPM_DefaultCalibrationColor.uasset" 298
"../../../Engine/Content/EngineMaterials/PPM_DefaultCalibrationColor.uexp" 299
"../../../Engine/Content/EngineMaterials/DefaultCalibrationGrayscale.uasset" 300
"../../../Engine/Content/EngineMaterials/DefaultCalibrationGrayscale.uexp" 301
"../../../Engine/Content/EngineMaterials/PPM_DefaultCalibrationGrayscale.uasset" 302
"../../../Engine/Content/EngineMaterials/PPM_DefaultCalibrationGrayscale.uexp" 303
"../../../Engine/Content/EngineMaterials/PreintegratedSkinBRDF.uasset" 304
"../../../Engine/Content/EngineMaterials/PreintegratedSkinBRDF.uexp" 305
"../../../Engine/Content/EngineMaterials/RemoveSurfaceMaterial.uasset" 306
"../../../Engine/Content/EngineMaterials/RemoveSurfaceMaterial.uexp" 307
"../../../Engine/Content/EngineMaterials/WeightMapPlaceholderTexture.uasset" 308
"../../../Engine/Content/EngineMaterials/WeightMapPlaceholderTexture.uexp" 309
"../../../Engine/Content/EngineResources/WhiteSquareTexture.uasset" 310
"../../../Engine/Content/EngineResources/WhiteSquareTexture.uexp" 311
"../../../Engine/Content/EngineMaterials/Widget3DPassThrough.uasset" 312
"../../../Engine/Content/EngineMaterials/Widget3DPassThrough.uexp" 313
"../../../Engine/Content/EngineMaterials/Widget3DPassThrough_Masked.uasset" 314
"../../../Engine/Content/EngineMaterials/Widget3DPassThrough_Masked.uexp" 315
"../../../Engine/Content/EngineMaterials/Widget3DPassThrough_Opaque.uasset" 316
"../../../Engine/Content/EngineMaterials/Widget3DPassThrough_Opaque.uexp" 317
"../../../Engine/Content/EngineMaterials/Widget3DPassThrough_Masked_OneSided.uasset" 318
"../../../Engine/Content/EngineMaterials/Widget3DPassThrough_Masked_OneSided.uexp" 319
"../../../Engine/Content/EngineMaterials/Widget3DPassThrough_Opaque_OneSided.uasset" 320
"../../../Engine/Content/EngineMaterials/Widget3DPassThrough_Opaque_OneSided.uexp" 321
"../../../Engine/Content/EngineMaterials/Widget3DPassThrough_Translucent.uasset" 322
"../../../Engine/Content/EngineMaterials/Widget3DPassThrough_Translucent.uexp" 323
"../../../Engine/Content/EngineMaterials/Widget3DPassThrough_Translucent_OneSided.uasset" 324
"../../../Engine/Content/EngineMaterials/Widget3DPassThrough_Translucent_OneSided.uexp" 325
"../../../Engine/Content/EngineMeshes/Cube.uasset" 326
"../../../Engine/Content/EngineMeshes/Cube.uexp" 327
"../../../Engine/Content/EngineMeshes/Cylinder.uasset" 328
"../../../Engine/Content/EngineMeshes/Cylinder.uexp" 329
"../../../Engine/Content/EngineMeshes/Sphere.uasset" 330
"../../../Engine/Content/EngineMeshes/Sphere.uexp" 331
"../../../Engine/Content/EngineResources/DefaultTexture.uasset" 332
"../../../Engine/Content/EngineResources/DefaultTexture.uexp" 333
"../../../Engine/Content/EngineResources/DefaultTexture.ubulk" 334
"../../../Engine/Content/EngineResources/DefaultTextureCube.uasset" 335
"../../../Engine/Content/EngineResources/DefaultTextureCube.uexp" 336
"../../../Engine/Content/EngineResources/DefaultVolumeTexture2D.uasset" 337
"../../../Engine/Content/EngineResources/DefaultVolumeTexture2D.uexp" 338
"../../../Engine/Content/EngineResources/DefaultVolumeTexture.uasset" 339
"../../../Engine/Content/EngineResources/DefaultVolumeTexture.uexp" 340
"../../../Engine/Content/EngineResources/GradientTexture0.uasset" 341
"../../../Engine/Content/EngineResources/GradientTexture0.uexp" 342
"../../../Engine/Content/EngineSky/VolumetricClouds/T_NoiseShape64.uasset" 343
"../../../Engine/Content/EngineSky/VolumetricClouds/T_NoiseShape64.uexp" 344
"../../../Engine/Content/EngineSky/VolumetricClouds/T_NoiseShape64.ubulk" 345
"../../../Engine/Content/EngineSky/VolumetricClouds/T_VolumeNoiseShape64.uasset" 346
"../../../Engine/Content/EngineSky/VolumetricClouds/T_VolumeNoiseShape64.uexp" 347
"../../../Engine/Content/EngineSky/VolumetricClouds/T_NoiseErosion.uasset" 348
"../../../Engine/Content/EngineSky/VolumetricClouds/T_NoiseErosion.uexp" 349
"../../../Engine/Content/EngineSky/VolumetricClouds/T_NoiseErosion.ubulk" 350
"../../../Engine/Content/EngineSky/VolumetricClouds/T_VolumeNoiseErosion32.uasset" 351
"../../../Engine/Content/EngineSky/VolumetricClouds/T_VolumeNoiseErosion32.uexp" 352
"../../../Engine/Content/Functions/Engine_MaterialFunctions02/Utility/MakeFloat2.uasset" 353
"../../../Engine/Content/Functions/Engine_MaterialFunctions02/Utility/MakeFloat2.uexp" 354
"../../../Engine/Content/EngineSky/VolumetricClouds/CloudWeatherTexture.uasset" 355
"../../../Engine/Content/EngineSky/VolumetricClouds/CloudWeatherTexture.uexp" 356
"../../../Engine/Content/EngineSky/VolumetricClouds/CloudGradientTexture.uasset" 357
"../../../Engine/Content/EngineSky/VolumetricClouds/CloudGradientTexture.uexp" 358
"../../../Engine/Content/EngineSky/VolumetricClouds/m_SimpleVolumetricCloud.uasset" 359
"../../../Engine/Content/EngineSky/VolumetricClouds/m_SimpleVolumetricCloud.uexp" 360
"../../../Engine/Content/EngineSky/VolumetricClouds/m_SimpleVolumetricCloud_Inst.uasset" 361
"../../../Engine/Content/EngineSky/VolumetricClouds/m_SimpleVolumetricCloud_Inst.uexp" 362
"../../../Engine/Content/EngineSounds/Master.uasset" 363
"../../../Engine/Content/EngineSounds/Master.uexp" 364
"../../../Engine/Content/Functions/Engine_MaterialFunctions01/Shading/PowerToRoughness.uasset" 365
"../../../Engine/Content/Functions/Engine_MaterialFunctions01/Shading/PowerToRoughness.uexp" 366
"../../../Engine/Content/Maps/Templates/Thumbnails/Default.uasset" 367
"../../../Engine/Content/Maps/Templates/Thumbnails/Default.uexp" 368
"../../../Engine/Content/Maps/Templates/Thumbnails/TimeOfDay.uasset" 369
"../../../Engine/Content/Maps/Templates/Thumbnails/TimeOfDay.uexp" 370
"../../../Engine/Content/Maps/Templates/Thumbnails/VR-Basic.uasset" 371
"../../../Engine/Content/Maps/Templates/Thumbnails/VR-Basic.uexp" 372
"../../../Engine/Content/MobileResources/T_MobileControls_texture.uasset" 373
"../../../Engine/Content/MobileResources/T_MobileControls_texture.uexp" 374
"../../../Engine/Content/MobileResources/T_MobileMenu2.uasset" 375
"../../../Engine/Content/MobileResources/T_MobileMenu2.uexp" 376
"../../../Engine/Content/MobileResources/HUD/AnalogHat.uasset" 377
"../../../Engine/Content/MobileResources/HUD/AnalogHat.uexp" 378
"../../../Engine/Content/MobileResources/HUD/VirtualJoystick_Thumb.uasset" 379
"../../../Engine/Content/MobileResources/HUD/VirtualJoystick_Thumb.uexp" 380
"../../../Engine/Content/MobileResources/HUD/VirtualJoystick_Background.uasset" 381
"../../../Engine/Content/MobileResources/HUD/VirtualJoystick_Background.uexp" 382
"../../../Engine/Content/MobileResources/HUD/DefaultVirtualJoysticks.uasset" 383
"../../../Engine/Content/MobileResources/HUD/DefaultVirtualJoysticks.uexp" 384
"../../../Engine/Content/MobileResources/HUD/LeftVirtualJoystickOnly.uasset" 385
"../../../Engine/Content/MobileResources/HUD/LeftVirtualJoystickOnly.uexp" 386
"../../../Engine/Content/MobileResources/HUD/MobileHUDButton1_off.uasset" 387
"../../../Engine/Content/MobileResources/HUD/MobileHUDButton1_off.uexp" 388
"../../../Engine/Content/MobileResources/HUD/MobileHUDButton1_on.uasset" 389
"../../../Engine/Content/MobileResources/HUD/MobileHUDButton1_on.uexp" 390
"../../../Engine/Content/MobileResources/HUD/MobileHUDButton2_off.uasset" 391
"../../../Engine/Content/MobileResources/HUD/MobileHUDButton2_off.uexp" 392
"../../../Engine/Content/MobileResources/HUD/MobileHUDButton2_on.uasset" 393
"../../../Engine/Content/MobileResources/HUD/MobileHUDButton2_on.uexp" 394
"../../../Engine/Content/MobileResources/HUD/MobileHUDButton3.uasset" 395
"../../../Engine/Content/MobileResources/HUD/MobileHUDButton3.uexp" 396
"../../../Engine/Content/MobileResources/HUD/MobileHUDButtonFire.uasset" 397
"../../../Engine/Content/MobileResources/HUD/MobileHUDButtonFire.uexp" 398
"../../../Engine/Content/MobileResources/HUD/MobileHUDDirectionPad.uasset" 399
"../../../Engine/Content/MobileResources/HUD/MobileHUDDirectionPad.uexp" 400
"../../../Engine/Content/MobileResources/HUD/MobileHUDDirectionPad2.uasset" 401
"../../../Engine/Content/MobileResources/HUD/MobileHUDDirectionPad2.uexp" 402
"../../../Engine/Content/MobileResources/HUD/MobileHUDDirectionPad3.uasset" 403
"../../../Engine/Content/MobileResources/HUD/MobileHUDDirectionPad3.uexp" 404
"../../../Engine/Content/MobileResources/HUD/MobileHUDDirectionStick.uasset" 405
"../../../Engine/Content/MobileResources/HUD/MobileHUDDirectionStick.uexp" 406
"../../../Engine/Content/MobileResources/HUD/T_Castle_ThumbstickInner.uasset" 407
"../../../Engine/Content/MobileResources/HUD/T_Castle_ThumbstickInner.uexp" 408
"../../../Engine/Content/MobileResources/HUD/T_Castle_ThumbstickOutter.uasset" 409
"../../../Engine/Content/MobileResources/HUD/T_Castle_ThumbstickOutter.uexp" 410
"../../../Engine/Content/Tutorial/ContentIntroCurve.uasset" 411
"../../../Engine/Content/Tutorial/ContentIntroCurve.uexp" 412
"../../../Engine/Content/Tutorial/Basics/TutorialAssets/icon_tab_Levels_40x.uasset" 413
"../../../Engine/Content/Tutorial/Basics/TutorialAssets/icon_tab_Levels_40x.uexp" 414
"../../../Engine/Content/Tutorial/BlueprintTutorials/TutorialAssets/Blueprint_64x.uasset" 415
"../../../Engine/Content/Tutorial/BlueprintTutorials/TutorialAssets/Blueprint_64x.uexp" 416
"../../../Engine/Content/Tutorial/SubEditors/TutorialAssets/TutorialMaterial.uasset" 417
"../../../Engine/Content/Tutorial/SubEditors/TutorialAssets/TutorialMaterial.uexp" 418
"../../../Engine/Content/VREditor/TransformGizmo/TranslucentTransformGizmoMaterial.uasset" 419
"../../../Engine/Content/VREditor/TransformGizmo/TranslucentTransformGizmoMaterial.uexp" 420
"../../../Engine/Content/VREditor/LaserPointer/VR_LaserPower_01.uasset" 421
"../../../Engine/Content/VREditor/LaserPointer/VR_LaserPower_01.uexp" 422
"../../../Engine/Content/VREditor/LaserPointer/VR_LaserPower_01.ubulk" 423
"../../../Engine/Content/VREditor/TransformGizmo/TransformGizmoMaterial.uasset" 424
"../../../Engine/Content/VREditor/TransformGizmo/TransformGizmoMaterial.uexp" 425
"../../../Engine/Content/VREditor/TransformGizmo/BoundingBoxCorner.uasset" 426
"../../../Engine/Content/VREditor/TransformGizmo/BoundingBoxCorner.uexp" 427
"../../../Engine/Content/VREditor/TransformGizmo/BoundingBoxEdge.uasset" 428
"../../../Engine/Content/VREditor/TransformGizmo/BoundingBoxEdge.uexp" 429
"../../../Engine/Content/VREditor/TransformGizmo/PlaneTranslationHandle.uasset" 430
"../../../Engine/Content/VREditor/TransformGizmo/PlaneTranslationHandle.uexp" 431
"../../../Engine/Content/VREditor/TransformGizmo/Xray.uasset" 432
"../../../Engine/Content/VREditor/TransformGizmo/Xray.uexp" 433
"../../../Engine/Content/VREditor/TransformGizmo/Main.uasset" 434
"../../../Engine/Content/VREditor/TransformGizmo/Main.uexp" 435
"../../../Engine/Content/VREditor/TransformGizmo/SM_Sequencer_Key.uasset" 436
"../../../Engine/Content/VREditor/TransformGizmo/SM_Sequencer_Key.uexp" 437
"../../../Engine/Content/VREditor/TransformGizmo/SM_Sequencer_Node.uasset" 438
"../../../Engine/Content/VREditor/TransformGizmo/SM_Sequencer_Node.uexp" 439
"../../../Engine/Plugins/2D/Paper2D/Content/PlaceholderTextures/DummySpriteTexture.uasset" 440
"../../../Engine/Plugins/2D/Paper2D/Content/PlaceholderTextures/DummySpriteTexture.uexp" 441
"../../../Engine/Plugins/2D/Paper2D/Content/PlaceholderTextures/DummySpriteTexture.ubulk" 442
"../../../Engine/Plugins/2D/Paper2D/Content/DummySprite.uasset" 443
"../../../Engine/Plugins/2D/Paper2D/Content/DummySprite.uexp" 444
"../../../Engine/Plugins/2D/Paper2D/Content/DefaultPaperTerrainMaterial.uasset" 445
"../../../Engine/Plugins/2D/Paper2D/Content/DefaultPaperTerrainMaterial.uexp" 446
"../../../Engine/Plugins/2D/Paper2D/Content/DefaultSpriteMaterial.uasset" 447
"../../../Engine/Plugins/2D/Paper2D/Content/DefaultSpriteMaterial.uexp" 448
"../../../Engine/Plugins/2D/Paper2D/Content/MaskedUnlitSpriteMaterial.uasset" 449
"../../../Engine/Plugins/2D/Paper2D/Content/MaskedUnlitSpriteMaterial.uexp" 450
"../../../Engine/Plugins/2D/Paper2D/Content/OpaqueUnlitSpriteMaterial.uasset" 451
"../../../Engine/Plugins/2D/Paper2D/Content/OpaqueUnlitSpriteMaterial.uexp" 452
"../../../Engine/Content/Functions/Engine_MaterialFunctions02/Utility/VectorLength.uasset" 453
"../../../Engine/Content/Functions/Engine_MaterialFunctions02/Utility/VectorLength.uexp" 454
"../../../Engine/Content/Functions/Engine_MaterialFunctions02/ObjectLocalBounds.uasset" 455
"../../../Engine/Content/Functions/Engine_MaterialFunctions02/ObjectLocalBounds.uexp" 456
"../../../Engine/Content/Functions/Engine_MaterialFunctions02/Utility/BreakOutFloat3Components.uasset" 457
"../../../Engine/Content/Functions/Engine_MaterialFunctions02/Utility/BreakOutFloat3Components.uexp" 458
"../../../Engine/Content/Functions/Engine_MaterialFunctions02/WorldPositionOffset/ObjectScale.uasset" 459
"../../../Engine/Content/Functions/Engine_MaterialFunctions02/WorldPositionOffset/ObjectScale.uexp" 460
"../../../Engine/Plugins/Editor/SpeedTreeImporter/Content/SpeedTree9/UnpackInteger3.uasset" 461
"../../../Engine/Plugins/Editor/SpeedTreeImporter/Content/SpeedTree9/UnpackInteger3.uexp" 462
"../../../Engine/Plugins/Editor/SpeedTreeImporter/Content/SpeedTree9/UnpackDirection.uasset" 463
"../../../Engine/Plugins/Editor/SpeedTreeImporter/Content/SpeedTree9/UnpackDirection.uexp" 464
"../../../Engine/Plugins/Editor/SpeedTreeImporter/Content/SpeedTree9/game_wind_noise.uasset" 465
"../../../Engine/Plugins/Editor/SpeedTreeImporter/Content/SpeedTree9/game_wind_noise.uexp" 466
"../../../Engine/Plugins/Editor/SpeedTreeImporter/Content/SpeedTree9/game_wind_noise.ubulk" 467
"../../../Engine/Content/Functions/Engine_MaterialFunctions02/SafeNormalize.uasset" 468
"../../../Engine/Content/Functions/Engine_MaterialFunctions02/SafeNormalize.uexp" 469
"../../../Engine/Plugins/Editor/SpeedTreeImporter/Content/SpeedTree9/SpeedTreeWindMotion.uasset" 470
"../../../Engine/Plugins/Editor/SpeedTreeImporter/Content/SpeedTree9/SpeedTreeWindMotion.uexp" 471
"../../../Engine/Plugins/Editor/SpeedTreeImporter/Content/SpeedTree9/SpeedTreeBranchMotion.uasset" 472
"../../../Engine/Plugins/Editor/SpeedTreeImporter/Content/SpeedTree9/SpeedTreeBranchMotion.uexp" 473
"../../../Engine/Content/Functions/Engine_MaterialFunctions02/UVs/BoundingBoxBased_0-1_UVW.uasset" 474
"../../../Engine/Content/Functions/Engine_MaterialFunctions02/UVs/BoundingBoxBased_0-1_UVW.uexp" 475
"../../../Engine/Plugins/Editor/SpeedTreeImporter/Content/SpeedTree9/SpeedTreeWind.uasset" 476
"../../../Engine/Plugins/Editor/SpeedTreeImporter/Content/SpeedTree9/SpeedTreeWind.uexp" 477
"../../../Engine/Plugins/Editor/SpeedTreeImporter/Content/SpeedTree9/SpeedTreeBillboard.uasset" 478
"../../../Engine/Plugins/Editor/SpeedTreeImporter/Content/SpeedTree9/SpeedTreeBillboard.uexp" 479
"../../../Engine/Plugins/Editor/SpeedTreeImporter/Content/SpeedTree9/EmptyNormal.uasset" 480
"../../../Engine/Plugins/Editor/SpeedTreeImporter/Content/SpeedTree9/EmptyNormal.uexp" 481
"../../../Engine/Plugins/Editor/SpeedTreeImporter/Content/SpeedTree9/Empty.uasset" 482
"../../../Engine/Plugins/Editor/SpeedTreeImporter/Content/SpeedTree9/Empty.uexp" 483
"../../../Engine/Plugins/Editor/SpeedTreeImporter/Content/SpeedTree9/SpeedTreeBillboardMaster.uasset" 484
"../../../Engine/Plugins/Editor/SpeedTreeImporter/Content/SpeedTree9/SpeedTreeBillboardMaster.uexp" 485
"../../../Engine/Plugins/Editor/SpeedTreeImporter/Content/SpeedTree9/SpeedTreeCameraFacing.uasset" 486
"../../../Engine/Plugins/Editor/SpeedTreeImporter/Content/SpeedTree9/SpeedTreeCameraFacing.uexp" 487
"../../../Engine/Plugins/Editor/SpeedTreeImporter/Content/SpeedTree9/SpeedTreeMaster.uasset" 488
"../../../Engine/Plugins/Editor/SpeedTreeImporter/Content/SpeedTree9/SpeedTreeMaster.uexp" 489
"../../../Engine/Content/BasicShapes/Cylinder.uasset" 490
"../../../Engine/Content/BasicShapes/Cylinder.uexp" 491
"../../../Engine/Content/ArtTools/RenderToTexture/Materials/Debug/M_Emissive_Color.uasset" 492
"../../../Engine/Content/ArtTools/RenderToTexture/Materials/Debug/M_Emissive_Color.uexp" 493
"../../../Engine/Plugins/Lumin/MagicLeapPassableWorld/Content/MagicLeapARPinInfoActor.uasset" 494
"../../../Engine/Plugins/Lumin/MagicLeapPassableWorld/Content/MagicLeapARPinInfoActor.uexp" 495
"../../../Engine/Plugins/Runtime/OpenXR/Content/Devices/GoogleDaydream/MRTexture.uasset" 496
"../../../Engine/Plugins/Runtime/OpenXR/Content/Devices/GoogleDaydream/MRTexture.uexp" 497
"../../../Engine/Plugins/Runtime/OpenXR/Content/Devices/GoogleDaydream/MRTexture.ubulk" 498
"../../../Engine/Plugins/Runtime/OpenXR/Content/Devices/GoogleDaydream/BaseTexture.uasset" 499
"../../../Engine/Plugins/Runtime/OpenXR/Content/Devices/GoogleDaydream/BaseTexture.uexp" 500
"../../../Engine/Plugins/Runtime/OpenXR/Content/Devices/GoogleDaydream/BaseTexture.ubulk" 501
"../../../Engine/Content/EngineResources/Black.uasset" 502
"../../../Engine/Content/EngineResources/Black.uexp" 503
"../../../Engine/Plugins/Runtime/OpenXR/Content/Devices/M_XRController.uasset" 504
"../../../Engine/Plugins/Runtime/OpenXR/Content/Devices/M_XRController.uexp" 505
"../../../Engine/Plugins/Runtime/OpenXR/Content/Devices/GoogleDaydream/MI_GoogleDaydream.uasset" 506
"../../../Engine/Plugins/Runtime/OpenXR/Content/Devices/GoogleDaydream/MI_GoogleDaydream.uexp" 507
"../../../Engine/Plugins/Runtime/OpenXR/Content/Devices/GoogleDaydream/GoogleDaydreamController.uasset" 508
"../../../Engine/Plugins/Runtime/OpenXR/Content/Devices/GoogleDaydream/GoogleDaydreamController.uexp" 509
"../../../Engine/Plugins/Runtime/OpenXR/Content/Devices/HTCVive/BaseTexture.uasset" 510
"../../../Engine/Plugins/Runtime/OpenXR/Content/Devices/HTCVive/BaseTexture.uexp" 511
"../../../Engine/Plugins/Runtime/OpenXR/Content/Devices/HTCVive/BaseTexture.ubulk" 512
"../../../Engine/Plugins/Runtime/OpenXR/Content/Devices/HTCVive/MI_HTCVive.uasset" 513
"../../../Engine/Plugins/Runtime/OpenXR/Content/Devices/HTCVive/MI_HTCVive.uexp" 514
"../../../Engine/Plugins/Runtime/OpenXR/Content/Devices/HTCVive/HTCViveController.uasset" 515
"../../../Engine/Plugins/Runtime/OpenXR/Content/Devices/HTCVive/HTCViveController.uexp" 516
"../../../Engine/Plugins/Runtime/OpenXR/Content/Devices/MicrosoftMixedReality/NormalTexture.uasset" 517
"../../../Engine/Plugins/Runtime/OpenXR/Content/Devices/MicrosoftMixedReality/NormalTexture.uexp" 518
"../../../Engine/Plugins/Runtime/OpenXR/Content/Devices/MicrosoftMixedReality/NormalTexture.ubulk" 519
"../../../Engine/Plugins/Runtime/OpenXR/Content/Devices/MicrosoftMixedReality/MRTexture.uasset" 520
"../../../Engine/Plugins/Runtime/OpenXR/Content/Devices/MicrosoftMixedReality/MRTexture.uexp" 521
"../../../Engine/Plugins/Runtime/OpenXR/Content/Devices/MicrosoftMixedReality/MRTexture.ubulk" 522
"../../../Engine/Plugins/Runtime/OpenXR/Content/Devices/MicrosoftMixedReality/EmissiveTexture.uasset" 523
"../../../Engine/Plugins/Runtime/OpenXR/Content/Devices/MicrosoftMixedReality/EmissiveTexture.uexp" 524
"../../../Engine/Plugins/Runtime/OpenXR/Content/Devices/MicrosoftMixedReality/EmissiveTexture.ubulk" 525
"../../../Engine/Plugins/Runtime/OpenXR/Content/Devices/MicrosoftMixedReality/BaseTexture.uasset" 526
"../../../Engine/Plugins/Runtime/OpenXR/Content/Devices/MicrosoftMixedReality/BaseTexture.uexp" 527
"../../../Engine/Plugins/Runtime/OpenXR/Content/Devices/MicrosoftMixedReality/BaseTexture.ubulk" 528
"../../../Engine/Plugins/Runtime/OpenXR/Content/Devices/MicrosoftMixedReality/MI_MicrosoftMixedReality.uasset" 529
"../../../Engine/Plugins/Runtime/OpenXR/Content/Devices/MicrosoftMixedReality/MI_MicrosoftMixedReality.uexp" 530
"../../../Engine/Plugins/Runtime/OpenXR/Content/Devices/MicrosoftMixedReality/Left/left_MicrosoftMixedRealityController.uasset" 531
"../../../Engine/Plugins/Runtime/OpenXR/Content/Devices/MicrosoftMixedReality/Left/left_MicrosoftMixedRealityController.uexp" 532
"../../../Engine/Plugins/Runtime/OpenXR/Content/Devices/MicrosoftMixedReality/Right/right_MicrosoftMixedRealityController.uasset" 533
"../../../Engine/Plugins/Runtime/OpenXR/Content/Devices/MicrosoftMixedReality/Right/right_MicrosoftMixedRealityController.uexp" 534
"../../../Engine/Plugins/Runtime/OpenXR/Content/Devices/OculusGo/BaseTexture.uasset" 535
"../../../Engine/Plugins/Runtime/OpenXR/Content/Devices/OculusGo/BaseTexture.uexp" 536
"../../../Engine/Plugins/Runtime/OpenXR/Content/Devices/OculusGo/BaseTexture.ubulk" 537
"../../../Engine/Plugins/Runtime/OpenXR/Content/Devices/OculusGo/MI_OculusGo.uasset" 538
"../../../Engine/Plugins/Runtime/OpenXR/Content/Devices/OculusGo/MI_OculusGo.uexp" 539
"../../../Engine/Plugins/Runtime/OpenXR/Content/Devices/OculusGo/OculusGoController.uasset" 540
"../../../Engine/Plugins/Runtime/OpenXR/Content/Devices/OculusGo/OculusGoController.uexp" 541
"../../../Engine/Plugins/Runtime/OpenXR/Content/Devices/OculusTouch/MRTexture.uasset" 542
"../../../Engine/Plugins/Runtime/OpenXR/Content/Devices/OculusTouch/MRTexture.uexp" 543
"../../../Engine/Plugins/Runtime/OpenXR/Content/Devices/OculusTouch/MRTexture.ubulk" 544
"../../../Engine/Plugins/Runtime/OpenXR/Content/Devices/OculusTouch/BaseTexture.uasset" 545
"../../../Engine/Plugins/Runtime/OpenXR/Content/Devices/OculusTouch/BaseTexture.uexp" 546
"../../../Engine/Plugins/Runtime/OpenXR/Content/Devices/OculusTouch/BaseTexture.ubulk" 547
"../../../Engine/Plugins/Runtime/OpenXR/Content/Devices/OculusTouch/MI_OculusTouch.uasset" 548
"../../../Engine/Plugins/Runtime/OpenXR/Content/Devices/OculusTouch/MI_OculusTouch.uexp" 549
"../../../Engine/Plugins/Runtime/OpenXR/Content/Devices/OculusTouch/Left/left_OculusTouchController.uasset" 550
"../../../Engine/Plugins/Runtime/OpenXR/Content/Devices/OculusTouch/Left/left_OculusTouchController.uexp" 551
"../../../Engine/Plugins/Runtime/OpenXR/Content/Devices/OculusTouch/Right/right_OculusTouchController.uasset" 552
"../../../Engine/Plugins/Runtime/OpenXR/Content/Devices/OculusTouch/Right/right_OculusTouchController.uexp" 553
"../../../Engine/Plugins/Runtime/OpenXR/Content/Devices/OculusTouch_v2/MRTexture.uasset" 554
"../../../Engine/Plugins/Runtime/OpenXR/Content/Devices/OculusTouch_v2/MRTexture.uexp" 555
"../../../Engine/Plugins/Runtime/OpenXR/Content/Devices/OculusTouch_v2/MRTexture.ubulk" 556
"../../../Engine/Plugins/Runtime/OpenXR/Content/Devices/OculusTouch_v2/BaseTexture.uasset" 557
"../../../Engine/Plugins/Runtime/OpenXR/Content/Devices/OculusTouch_v2/BaseTexture.uexp" 558
"../../../Engine/Plugins/Runtime/OpenXR/Content/Devices/OculusTouch_v2/BaseTexture.ubulk" 559
"../../../Engine/Plugins/Runtime/OpenXR/Content/Devices/OculusTouch_v2/MI_OculusTouch_v2.uasset" 560
"../../../Engine/Plugins/Runtime/OpenXR/Content/Devices/OculusTouch_v2/MI_OculusTouch_v2.uexp" 561
"../../../Engine/Plugins/Runtime/OpenXR/Content/Devices/OculusTouch_v2/Left/left_OculusTouch_v2Controller.uasset" 562
"../../../Engine/Plugins/Runtime/OpenXR/Content/Devices/OculusTouch_v2/Left/left_OculusTouch_v2Controller.uexp" 563
"../../../Engine/Plugins/Runtime/OpenXR/Content/Devices/OculusTouch_v2/Right/right_OculusTouch_v2Controller.uasset" 564
"../../../Engine/Plugins/Runtime/OpenXR/Content/Devices/OculusTouch_v2/Right/right_OculusTouch_v2Controller.uexp" 565
"../../../Engine/Plugins/Runtime/OpenXR/Content/Devices/OculusTouch_v3/MRTexture.uasset" 566
"../../../Engine/Plugins/Runtime/OpenXR/Content/Devices/OculusTouch_v3/MRTexture.uexp" 567
"../../../Engine/Plugins/Runtime/OpenXR/Content/Devices/OculusTouch_v3/MRTexture.ubulk" 568
"../../../Engine/Plugins/Runtime/OpenXR/Content/Devices/OculusTouch_v3/BaseTexture.uasset" 569
"../../../Engine/Plugins/Runtime/OpenXR/Content/Devices/OculusTouch_v3/BaseTexture.uexp" 570
"../../../Engine/Plugins/Runtime/OpenXR/Content/Devices/OculusTouch_v3/BaseTexture.ubulk" 571
"../../../Engine/Plugins/Runtime/OpenXR/Content/Devices/OculusTouch_v3/MI_OculusTouch_v3.uasset" 572
"../../../Engine/Plugins/Runtime/OpenXR/Content/Devices/OculusTouch_v3/MI_OculusTouch_v3.uexp" 573
"../../../Engine/Plugins/Runtime/OpenXR/Content/Devices/OculusTouch_v3/Left/left_OculusTouch_v3Controller.uasset" 574
"../../../Engine/Plugins/Runtime/OpenXR/Content/Devices/OculusTouch_v3/Left/left_OculusTouch_v3Controller.uexp" 575
"../../../Engine/Plugins/Runtime/OpenXR/Content/Devices/OculusTouch_v3/Right/right_OculusTouch_v3Controller.uasset" 576
"../../../Engine/Plugins/Runtime/OpenXR/Content/Devices/OculusTouch_v3/Right/right_OculusTouch_v3Controller.uexp" 577
"../../../Engine/Plugins/Runtime/OpenXR/Content/Devices/ValveIndex/MRTexture.uasset" 578
"../../../Engine/Plugins/Runtime/OpenXR/Content/Devices/ValveIndex/MRTexture.uexp" 579
"../../../Engine/Plugins/Runtime/OpenXR/Content/Devices/ValveIndex/MRTexture.ubulk" 580
"../../../Engine/Plugins/Runtime/OpenXR/Content/Devices/ValveIndex/BaseTexture.uasset" 581
"../../../Engine/Plugins/Runtime/OpenXR/Content/Devices/ValveIndex/BaseTexture.uexp" 582
"../../../Engine/Plugins/Runtime/OpenXR/Content/Devices/ValveIndex/BaseTexture.ubulk" 583
"../../../Engine/Plugins/Runtime/OpenXR/Content/Devices/ValveIndex/Left/MI_left_ValveIndex.uasset" 584
"../../../Engine/Plugins/Runtime/OpenXR/Content/Devices/ValveIndex/Left/MI_left_ValveIndex.uexp" 585
"../../../Engine/Plugins/Runtime/OpenXR/Content/Devices/ValveIndex/Left/left_ValveIndexController.uasset" 586
"../../../Engine/Plugins/Runtime/OpenXR/Content/Devices/ValveIndex/Left/left_ValveIndexController.uexp" 587
"../../../Engine/Plugins/Runtime/OpenXR/Content/Devices/ValveIndex/Right/MI_right_ValveIndex.uasset" 588
"../../../Engine/Plugins/Runtime/OpenXR/Content/Devices/ValveIndex/Right/MI_right_ValveIndex.uexp" 589
"../../../Engine/Plugins/Runtime/OpenXR/Content/Devices/ValveIndex/Right/right_ValveIndexController.uasset" 590
"../../../Engine/Plugins/Runtime/OpenXR/Content/Devices/ValveIndex/Right/right_ValveIndexController.uexp" 591
"../../../Engine/Content/Functions/Engine_MaterialFunctions02/Utility/MakeFloat3.uasset" 592
"../../../Engine/Content/Functions/Engine_MaterialFunctions02/Utility/MakeFloat3.uexp" 593
"../../../Engine/Content/Functions/Engine_MaterialFunctions02/Utility/BreakOutFloat4Components.uasset" 594
"../../../Engine/Content/Functions/Engine_MaterialFunctions02/Utility/BreakOutFloat4Components.uexp" 595
"../../../Engine/Plugins/Runtime/Oculus/OculusVR/Content/Materials/OculusMR_ChromaKey.uasset" 596
"../../../Engine/Plugins/Runtime/Oculus/OculusVR/Content/Materials/OculusMR_ChromaKey.uexp" 597
"../../../Engine/Plugins/Runtime/Oculus/OculusVR/Content/Materials/OculusMR_OpaqueColoredMaterial.uasset" 598
"../../../Engine/Plugins/Runtime/Oculus/OculusVR/Content/Materials/OculusMR_OpaqueColoredMaterial.uexp" 599
"../../../Engine/Plugins/Runtime/Oculus/OculusVR/Content/Materials/PokeAHoleMaterial.uasset" 600
"../../../Engine/Plugins/Runtime/Oculus/OculusVR/Content/Materials/PokeAHoleMaterial.uexp" 601
"../../../Engine/Plugins/Runtime/Oculus/OculusVR/Content/Textures/touchController_controlmap.uasset" 602
"../../../Engine/Plugins/Runtime/Oculus/OculusVR/Content/Textures/touchController_controlmap.uexp" 603
"../../../Engine/Plugins/Runtime/Oculus/OculusVR/Content/Textures/touchController_controlmap.ubulk" 604
"../../../Engine/Plugins/Runtime/Oculus/OculusVR/Content/Textures/touchController_albedo.uasset" 605
"../../../Engine/Plugins/Runtime/Oculus/OculusVR/Content/Textures/touchController_albedo.uexp" 606
"../../../Engine/Plugins/Runtime/Oculus/OculusVR/Content/Textures/touchController_albedo.ubulk" 607
"../../../Engine/Plugins/Runtime/Oculus/OculusVR/Content/Materials/touchController_mat.uasset" 608
"../../../Engine/Plugins/Runtime/Oculus/OculusVR/Content/Materials/touchController_mat.uexp" 609
"../../../Engine/Plugins/Runtime/Oculus/OculusVR/Content/Meshes/LeftTouchController.uasset" 610
"../../../Engine/Plugins/Runtime/Oculus/OculusVR/Content/Meshes/LeftTouchController.uexp" 611
"../../../Engine/Plugins/Runtime/Oculus/OculusVR/Content/Textures/TouchForQuestRiftSController_albedo.uasset" 612
"../../../Engine/Plugins/Runtime/Oculus/OculusVR/Content/Textures/TouchForQuestRiftSController_albedo.uexp" 613
"../../../Engine/Plugins/Runtime/Oculus/OculusVR/Content/Textures/TouchForQuestRiftSController_albedo.ubulk" 614
"../../../Engine/Plugins/Runtime/Oculus/OculusVR/Content/Materials/TouchForQuestRiftSControllerMaterial.uasset" 615
"../../../Engine/Plugins/Runtime/Oculus/OculusVR/Content/Materials/TouchForQuestRiftSControllerMaterial.uexp" 616
"../../../Engine/Plugins/Runtime/Oculus/OculusVR/Content/Meshes/LeftTouchForQuestRiftSController.uasset" 617
"../../../Engine/Plugins/Runtime/Oculus/OculusVR/Content/Meshes/LeftTouchForQuestRiftSController.uexp" 618
"../../../Engine/Plugins/Runtime/Oculus/OculusVR/Content/Meshes/RiftHMD.uasset" 619
"../../../Engine/Plugins/Runtime/Oculus/OculusVR/Content/Meshes/RiftHMD.uexp" 620
"../../../Engine/Plugins/Runtime/Oculus/OculusVR/Content/Meshes/RightTouchController.uasset" 621
"../../../Engine/Plugins/Runtime/Oculus/OculusVR/Content/Meshes/RightTouchController.uexp" 622
"../../../Engine/Plugins/Runtime/Oculus/OculusVR/Content/Meshes/RightTouchForQuestRiftSController.uasset" 623
"../../../Engine/Plugins/Runtime/Oculus/OculusVR/Content/Meshes/RightTouchForQuestRiftSController.uexp" 624
"C:/Users/yuyim/source/projects/InfiniteMatrixStarter/Content/InfiniteMatrix/Maps/TutorialMap.uexp" 625
"C:/Users/yuyim/source/projects/InfiniteMatrixStarter/Content/InfiniteMatrix/Maps/TutorialMap.umap" 626
"../../../Engine/Content/Maps/Entry_BuiltData.uasset" 627
"../../../Engine/Content/Maps/Entry_BuiltData.uexp" 628
"../../../Engine/Content/Maps/Entry.uexp" 629
"../../../Engine/Content/Maps/Entry.umap" 630
